

  ********************************************************************
  *                                                                  *
  *              USDA - WATER EROSION PREDICTION PROJECT             *
  *                 WEPP CLIMATE INPUT DATA GENERATOR                *
  *                                                                  *
  *                    CONTINUOUS SIMULATION AND                     *
  *                       SINGLE STORM OPTIONS                       *
  *                    with Command Line Options,                    *
  *                        and Corrections to                        *
  *                  Rainfall Intensity Calculations                 *
  *                   and Random Number Generation.                  *
  *                                                                  *
  *                          VERSION 5.30000                         *
  *                     Revised from VERSION 4.2                     *
  *                           October 2004                           *
  *                                                                  *
  *           (Use -h or /h to list command line options.)           *
  *                                                                  *
  ********************************************************************


 wy485415.par                                                                                                                                                                                                                                                    
 0500000US56001.prn                                                                                                                                                                                                                                              
 Tdew -10 rangecheck executed.
 Tdew -10 rangecheck executed.
 Tdew -10 rangecheck executed.
 Tdew -10 rangecheck executed.
 Tdew -10 rangecheck executed.
 Tdew -10 rangecheck executed.
 Tdew -10 rangecheck executed.
 Tdew -10 rangecheck executed.
 Tdew -10 rangecheck executed.
 Tdew -10 rangecheck executed.
 Tdew -10 rangecheck executed.
 Tdew -10 rangecheck executed.
 Tdew -10 rangecheck executed.
 Tdew -10 rangecheck executed.
 Tdew -10 rangecheck executed.
 Tdew -10 rangecheck executed.
 Tdew -10 rangecheck executed.
 Tdew -10 rangecheck executed.
 Tdew -10 rangecheck executed.
 Tdew -10 rangecheck executed.
 Tdew -10 rangecheck executed.
 Tdew -10 rangecheck executed.
 Tdew -10 rangecheck executed.
 Tdew -10 rangecheck executed.
 Tdew -10 rangecheck executed.
 Tdew -10 rangecheck executed.
 Tdew -10 rangecheck executed.
 Tdew -10 rangecheck executed.
 Tdew -10 rangecheck executed.
 Tdew -10 rangecheck executed.
 Tdew -10 rangecheck executed.
 Tdew -10 rangecheck executed.
 Tdew -10 rangecheck executed.
 Tdew -10 rangecheck executed.
 Tdew -10 rangecheck executed.
 Tdew -10 rangecheck executed.
 Tdew -10 rangecheck executed.
 Tdew -10 rangecheck executed.
 Tdew -10 rangecheck executed.
 Tdew -10 rangecheck executed.
 Tdew -10 rangecheck executed.
 Tdew -10 rangecheck executed.
 Tdew -10 rangecheck executed.
 Tdew -10 rangecheck executed.
 Tdew -10 rangecheck executed.
 Tdew -10 rangecheck executed.
 Tdew -10 rangecheck executed.
 FAILED K-S -- Parm:Time to Peak    Mon:           6  Year:        1993  N:         106
 FAILED K-S -- Parm:Time to Peak    Mon:           6  Year:        1993  N:         106
 FAILED K-S -- Parm:Time to Peak    Mon:           6  Year:        1993  N:         106
 FAILED K-S -- Parm:Time to Peak    Mon:           6  Year:        1993  N:         106
 FAILED K-S -- Parm:Time to Peak    Mon:           6  Year:        1993  N:         106
*** ERROR *** Could not produce desired level of quality in
                    << Time to Peak    >> random deviates.
 Tdew -10 rangecheck executed.
 Tdew -10 rangecheck executed.
 Tdew -10 rangecheck executed.
 FAILED K-S -- Parm:Time to Peak    Mon:           6  Year:        1994  N:         116
 FAILED K-S -- Parm:Time to Peak    Mon:           6  Year:        1994  N:         116
 FAILED K-S -- Parm:Time to Peak    Mon:           6  Year:        1994  N:         116
 FAILED K-S -- Parm:Time to Peak    Mon:           6  Year:        1994  N:         116
 FAILED K-S -- Parm:Time to Peak    Mon:           6  Year:        1994  N:         116
*** ERROR *** Could not produce desired level of quality in
                    << Time to Peak    >> random deviates.
 Tdew -10 rangecheck executed.
 Tdew -10 rangecheck executed.
 Tdew -10 rangecheck executed.
 Tdew -10 rangecheck executed.
 Tdew -10 rangecheck executed.
 Tdew -10 rangecheck executed.
 Tdew -10 rangecheck executed.
 Tdew -10 rangecheck executed.
 Tdew -10 rangecheck executed.
 Tdew -10 rangecheck executed.
 Tdew -10 rangecheck executed.
 Tdew -10 rangecheck executed.
 Tdew -10 rangecheck executed.
 Tdew -10 rangecheck executed.
 Tdew -10 rangecheck executed.
 Tdew -10 rangecheck executed.
 FAILED K-S -- Parm:Precip. Amt.    Mon:          12  Year:        1999  N:         102
 FAILED K-S -- Parm:Precip. Amt.    Mon:          12  Year:        1999  N:         102
 FAILED K-S -- Parm:Precip. Amt.    Mon:          12  Year:        1999  N:         102
 FAILED K-S -- Parm:Precip. Amt.    Mon:          12  Year:        1999  N:         102
 FAILED K-S -- Parm:Precip. Amt.    Mon:          12  Year:        1999  N:         102
*** ERROR *** Could not produce desired level of quality in
                    << Precip. Amt.    >> random deviates.
 Failed SN SD test.
 Parm:Temp. Dew Pt.   Month:          12  Year:        1999  Mlevel=   10.0000000      SDlevel=   64.6017761      Days:         620
 FAILED K-S -- Parm:Precip. Amt.    Mon:          12  Year:        2000  N:         108
 FAILED K-S -- Parm:Precip. Amt.    Mon:          12  Year:        2000  N:         108
 FAILED K-S -- Parm:Precip. Amt.    Mon:          12  Year:        2000  N:         108
 FAILED K-S -- Parm:Precip. Amt.    Mon:          12  Year:        2000  N:         108
 FAILED K-S -- Parm:Precip. Amt.    Mon:          12  Year:        2000  N:         108
*** ERROR *** Could not produce desired level of quality in
                    << Precip. Amt.    >> random deviates.
 Failed SN SD test.
 Parm:Temp. Dew Pt.   Month:          12  Year:        2000  Mlevel=   5.00000000      SDlevel=   90.9763412      Days:         651
 FAILED K-S -- Parm:Precip. Amt.    Mon:          12  Year:        2001  N:         111
 FAILED K-S -- Parm:Precip. Amt.    Mon:          12  Year:        2001  N:         111
 FAILED K-S -- Parm:Precip. Amt.    Mon:          12  Year:        2001  N:         111
 FAILED K-S -- Parm:Precip. Amt.    Mon:          12  Year:        2001  N:         111
 FAILED K-S -- Parm:Precip. Amt.    Mon:          12  Year:        2001  N:         111
*** ERROR *** Could not produce desired level of quality in
                    << Precip. Amt.    >> random deviates.
 Failed SN SD test.
 Parm:Temp. Dew Pt.   Month:          12  Year:        2001  Mlevel=   1.00000000      SDlevel=   99.1413193      Days:         682
 Tdew -10 rangecheck executed.
 Tdew -10 rangecheck executed.
 FAILED K-S -- Parm:Precip. Amt.    Mon:          12  Year:        2002  N:         119
 FAILED K-S -- Parm:Precip. Amt.    Mon:          12  Year:        2002  N:         119
 FAILED K-S -- Parm:Precip. Amt.    Mon:          12  Year:        2002  N:         119
 FAILED K-S -- Parm:Precip. Amt.    Mon:          12  Year:        2002  N:         119
 FAILED K-S -- Parm:Precip. Amt.    Mon:          12  Year:        2002  N:         119
*** ERROR *** Could not produce desired level of quality in
                    << Precip. Amt.    >> random deviates.
 Failed SN SD test.
 Parm:Temp. Dew Pt.   Month:          12  Year:        2002  Mlevel=   10.0000000      SDlevel=   99.7291870      Days:         713
 Tdew -10 rangecheck executed.
 FAILED K-S -- Parm:Precip. Amt.    Mon:          12  Year:        2003  N:         124
 FAILED K-S -- Parm:Precip. Amt.    Mon:          12  Year:        2003  N:         124
 FAILED K-S -- Parm:Precip. Amt.    Mon:          12  Year:        2003  N:         124
 FAILED K-S -- Parm:Precip. Amt.    Mon:          12  Year:        2003  N:         124
 FAILED K-S -- Parm:Precip. Amt.    Mon:          12  Year:        2003  N:         124
*** ERROR *** Could not produce desired level of quality in
                    << Precip. Amt.    >> random deviates.
 Failed SN SD test.
 Parm:Temp. Dew Pt.   Month:          12  Year:        2003  Mlevel=   10.0000000      SDlevel=   99.9947815      Days:         744
 Tdew -10 rangecheck executed.
 Tdew -10 rangecheck executed.
 FAILED K-S -- Parm:Precip. Amt.    Mon:          12  Year:        2004  N:         130
 FAILED K-S -- Parm:Precip. Amt.    Mon:          12  Year:        2004  N:         130
 FAILED K-S -- Parm:Precip. Amt.    Mon:          12  Year:        2004  N:         130
 FAILED K-S -- Parm:Precip. Amt.    Mon:          12  Year:        2004  N:         130
 FAILED K-S -- Parm:Precip. Amt.    Mon:          12  Year:        2004  N:         130
*** ERROR *** Could not produce desired level of quality in
                    << Precip. Amt.    >> random deviates.
 Failed SN SD test.
 Parm:Temp. Dew Pt.   Month:          12  Year:        2004  Mlevel=   5.00000000      SDlevel=   99.9999695      Days:         775
 Tdew -10 rangecheck executed.
 FAILED K-S -- Parm:Precip. Amt.    Mon:          12  Year:        2005  N:         136
 FAILED K-S -- Parm:Precip. Amt.    Mon:          12  Year:        2005  N:         136
 FAILED K-S -- Parm:Precip. Amt.    Mon:          12  Year:        2005  N:         136
 FAILED K-S -- Parm:Precip. Amt.    Mon:          12  Year:        2005  N:         136
 FAILED K-S -- Parm:Precip. Amt.    Mon:          12  Year:        2005  N:         136
*** ERROR *** Could not produce desired level of quality in
                    << Precip. Amt.    >> random deviates.
 Failed SN SD test.
 Parm:Temp. Dew Pt.   Month:          12  Year:        2005  Mlevel=   10.0000000      SDlevel=   100.000000      Days:         806
 Tdew -10 rangecheck executed.
 Tdew -10 rangecheck executed.
 Tdew -10 rangecheck executed.
 Tdew -10 rangecheck executed.
 Tdew -10 rangecheck executed.
 FAILED K-S -- Parm:Precip. Amt.    Mon:          12  Year:        2006  N:         142
 FAILED K-S -- Parm:Precip. Amt.    Mon:          12  Year:        2006  N:         142
 FAILED K-S -- Parm:Precip. Amt.    Mon:          12  Year:        2006  N:         142
 FAILED K-S -- Parm:Precip. Amt.    Mon:          12  Year:        2006  N:         142
 FAILED K-S -- Parm:Precip. Amt.    Mon:          12  Year:        2006  N:         142
*** ERROR *** Could not produce desired level of quality in
                    << Precip. Amt.    >> random deviates.
 Failed SN SD test.
 Parm:Temp. Dew Pt.   Month:          12  Year:        2006  Mlevel=   20.0000000      SDlevel=   100.000000      Days:         837
 Tdew -10 rangecheck executed.
 Tdew -10 rangecheck executed.
 Tdew -10 rangecheck executed.
 Tdew -10 rangecheck executed.
 Tdew -10 rangecheck executed.
 Failed SN SD test.
 Parm:Temp. Dew Pt.   Month:          12  Year:        2007  Mlevel=   10.0000000      SDlevel=   100.000000      Days:         868
 Failed SN SD test.
 Parm:Temp. Dew Pt.   Month:          12  Year:        2007  Mlevel=   5.00000000      SDlevel=   100.000000      Days:         868
 Failed SN SD test.
 Parm:Temp. Dew Pt.   Month:          12  Year:        2007  Mlevel=   10.0000000      SDlevel=   100.000000      Days:         868
 Failed SN SD test.
 Parm:Temp. Dew Pt.   Month:          12  Year:        2007  Mlevel=   10.0000000      SDlevel=   100.000000      Days:         868
 FAILED K-S -- Parm:Temp. Dew Pt.   Mon:          12  Year:        2007  N:         620
 Failed SN SD test.
 Parm:Temp. Dew Pt.   Month:          12  Year:        2007  Mlevel=   10.0000000      SDlevel=   100.000000      Days:         868
*** ERROR *** Could not produce desired level of quality in
                    << Temp. Dew Pt.   >> random deviates.
 Tdew -10 rangecheck executed.
 Tdew -10 rangecheck executed.
 Tdew -10 rangecheck executed.
 Tdew -10 rangecheck executed.
 Tdew -10 rangecheck executed.
 Tdew -10 rangecheck executed.
 Failed SN SD test.
 Parm:Temp. Dew Pt.   Month:          12  Year:        2008  Mlevel=   10.0000000      SDlevel=   100.000000      Days:         899
 FAILED K-S -- Parm:Temp. Dew Pt.   Mon:          12  Year:        2008  N:         651
 Failed SN SD test.
 Parm:Temp. Dew Pt.   Month:          12  Year:        2008  Mlevel=   10.0000000      SDlevel=   100.000000      Days:         899
 Failed SN SD test.
 Parm:Temp. Dew Pt.   Month:          12  Year:        2008  Mlevel=   5.00000000      SDlevel=   100.000000      Days:         899
 FAILED K-S -- Parm:Temp. Dew Pt.   Mon:          12  Year:        2008  N:         651
 Failed SN SD test.
 Parm:Temp. Dew Pt.   Month:          12  Year:        2008  Mlevel=   5.00000000      SDlevel=   100.000000      Days:         899
 Failed SN SD test.
 Parm:Temp. Dew Pt.   Month:          12  Year:        2008  Mlevel=   10.0000000      SDlevel=   100.000000      Days:         899
*** ERROR *** Could not produce desired level of quality in
                    << Temp. Dew Pt.   >> random deviates.
 Tdew -10 rangecheck executed.
 Failed SN SD test.
 Parm:Temp. Dew Pt.   Month:          12  Year:        2009  Mlevel=   20.0000000      SDlevel=   100.000000      Days:         930
 FAILED K-S -- Parm:Temp. Dew Pt.   Mon:          12  Year:        2009  N:         682
 Failed SN SD test.
 Parm:Temp. Dew Pt.   Month:          12  Year:        2009  Mlevel=   20.0000000      SDlevel=   100.000000      Days:         930
 Failed SN SD test.
 Parm:Temp. Dew Pt.   Month:          12  Year:        2009  Mlevel=   10.0000000      SDlevel=   100.000000      Days:         930
 Failed SN SD test.
 Parm:Temp. Dew Pt.   Month:          12  Year:        2009  Mlevel=   20.0000000      SDlevel=   100.000000      Days:         930
 Failed SN SD test.
 Parm:Temp. Dew Pt.   Month:          12  Year:        2009  Mlevel=   1.00000000      SDlevel=   100.000000      Days:         930
*** ERROR *** Could not produce desired level of quality in
                    << Temp. Dew Pt.   >> random deviates.
 Tdew -10 rangecheck executed.
 Tdew -10 rangecheck executed.
 Tdew -10 rangecheck executed.
 Failed SN SD test.
 Parm:Temp. Dew Pt.   Month:          12  Year:        2010  Mlevel=   1.00000000      SDlevel=   100.000000      Days:         961
 Failed SN SD test.
 Parm:Temp. Dew Pt.   Month:          12  Year:        2010  Mlevel=   10.0000000      SDlevel=   100.000000      Days:         961
 Failed SN SD test.
 Parm:Temp. Dew Pt.   Month:          12  Year:        2010  Mlevel=   5.00000000      SDlevel=   100.000000      Days:         961
 Failed SN SD test.
 Parm:Temp. Dew Pt.   Month:          12  Year:        2010  Mlevel=   10.0000000      SDlevel=   100.000000      Days:         961
 Failed SN SD test.
 Parm:Temp. Dew Pt.   Month:          12  Year:        2010  Mlevel=   5.00000000      SDlevel=   100.000000      Days:         961
*** ERROR *** Could not produce desired level of quality in
                    << Temp. Dew Pt.   >> random deviates.
 Tdew -10 rangecheck executed.
 Tdew -10 rangecheck executed.
 Tdew -10 rangecheck executed.
 Tdew -10 rangecheck executed.
 Tdew -10 rangecheck executed.
 Failed SN SD test.
 Parm:Temp. Dew Pt.   Month:          12  Year:        2011  Mlevel=   5.00000000      SDlevel=   100.000000      Days:         992
 Failed SN SD test.
 Parm:Temp. Dew Pt.   Month:          12  Year:        2011  Mlevel=   20.0000000      SDlevel=   100.000000      Days:         992
 Failed SN SD test.
 Parm:Temp. Dew Pt.   Month:          12  Year:        2011  Mlevel=   20.0000000      SDlevel=   100.000000      Days:         992
 Failed SN SD test.
 Parm:Temp. Dew Pt.   Month:          12  Year:        2011  Mlevel=   1.00000000      SDlevel=   100.000000      Days:         992
 Failed SN SD test.
 Parm:Temp. Dew Pt.   Month:          12  Year:        2011  Mlevel=   10.0000000      SDlevel=   100.000000      Days:         992
*** ERROR *** Could not produce desired level of quality in
                    << Temp. Dew Pt.   >> random deviates.
 Tdew -10 rangecheck executed.
 Failed SN SD test.
 Parm:Temp. Dew Pt.   Month:          12  Year:        2012  Mlevel=   10.0000000      SDlevel=   100.000000      Days:        1023
 Failed SN SD test.
 Parm:Temp. Dew Pt.   Month:          12  Year:        2012  Mlevel=   20.0000000      SDlevel=   100.000000      Days:        1023
 Failed SN SD test.
 Parm:Temp. Dew Pt.   Month:          12  Year:        2012  Mlevel=   1.00000000      SDlevel=   100.000000      Days:        1023
 Failed SN SD test.
 Parm:Temp. Dew Pt.   Month:          12  Year:        2012  Mlevel=   20.0000000      SDlevel=   100.000000      Days:        1023
 Failed SN SD test.
 Parm:Temp. Dew Pt.   Month:          12  Year:        2012  Mlevel=   30.0000000      SDlevel=   100.000000      Days:        1023
*** ERROR *** Could not produce desired level of quality in
                    << Temp. Dew Pt.   >> random deviates.
 Tdew -10 rangecheck executed.
 Tdew -10 rangecheck executed.
 Failed SN SD test.
 Parm:Temp. Dew Pt.   Month:          12  Year:        2013  Mlevel=   10.0000000      SDlevel=   100.000000      Days:        1054
 Failed SN SD test.
 Parm:Temp. Dew Pt.   Month:          12  Year:        2013  Mlevel=   40.0000000      SDlevel=   100.000000      Days:        1054
 Failed SN SD test.
 Parm:Temp. Dew Pt.   Month:          12  Year:        2013  Mlevel=   30.0000000      SDlevel=   100.000000      Days:        1054
 Failed SN SD test.
 Parm:Temp. Dew Pt.   Month:          12  Year:        2013  Mlevel=   40.0000000      SDlevel=   100.000000      Days:        1054
 Failed SN SD test.
 Parm:Temp. Dew Pt.   Month:          12  Year:        2013  Mlevel=   20.0000000      SDlevel=   100.000000      Days:        1054
*** ERROR *** Could not produce desired level of quality in
                    << Temp. Dew Pt.   >> random deviates.
 FAILED K-S -- Parm:Time to Peak    Mon:          12  Year:        2013  N:         190
 Tdew -10 rangecheck executed.
 Tdew -10 rangecheck executed.
 Tdew -10 rangecheck executed.
 Tdew -10 rangecheck executed.
 Tdew -10 rangecheck executed.
 Tdew -10 rangecheck executed.
 Tdew -10 rangecheck executed.
 Tdew -10 rangecheck executed.
 Tdew -10 rangecheck executed.
 Failed SN SD test.
 Parm:Temp. Dew Pt.   Month:          12  Year:        2014  Mlevel=   30.0000000      SDlevel=   100.000000      Days:        1085
 Failed SN SD test.
 Parm:Temp. Dew Pt.   Month:          12  Year:        2014  Mlevel=   30.0000000      SDlevel=   100.000000      Days:        1085
 Failed SN SD test.
 Parm:Temp. Dew Pt.   Month:          12  Year:        2014  Mlevel=   20.0000000      SDlevel=   100.000000      Days:        1085
 Failed SN SD test.
 Parm:Temp. Dew Pt.   Month:          12  Year:        2014  Mlevel=   30.0000000      SDlevel=   100.000000      Days:        1085
 Failed SN SD test.
 Parm:Temp. Dew Pt.   Month:          12  Year:        2014  Mlevel=   30.0000000      SDlevel=   100.000000      Days:        1085
*** ERROR *** Could not produce desired level of quality in
                    << Temp. Dew Pt.   >> random deviates.
 FAILED K-S -- Parm:Time to Peak    Mon:          12  Year:        2014  N:         192
 Tdew -10 rangecheck executed.
 Failed SN SD test.
 Parm:Temp. Dew Pt.   Month:          12  Year:        2015  Mlevel=   20.0000000      SDlevel=   100.000000      Days:        1116
 Failed SN SD test.
 Parm:Temp. Dew Pt.   Month:          12  Year:        2015  Mlevel=   40.0000000      SDlevel=   100.000000      Days:        1116
 Failed SN SD test.
 Parm:Temp. Dew Pt.   Month:          12  Year:        2015  Mlevel=   30.0000000      SDlevel=   100.000000      Days:        1116
 Failed SN SD test.
 Parm:Temp. Dew Pt.   Month:          12  Year:        2015  Mlevel=   50.0000000      SDlevel=   100.000000      Days:        1116
 Failed SN SD test.
 Parm:Temp. Dew Pt.   Month:          12  Year:        2015  Mlevel=   20.0000000      SDlevel=   100.000000      Days:        1116
*** ERROR *** Could not produce desired level of quality in
                    << Temp. Dew Pt.   >> random deviates.
 Tdew -10 rangecheck executed.
 Tdew -10 rangecheck executed.
 Tdew -10 rangecheck executed.
 Failed SN SD test.
 Parm:Temp. Dew Pt.   Month:          12  Year:        2016  Mlevel=   10.0000000      SDlevel=   100.000000      Days:        1147
At line 3013 of file cligen53.f (unit = 9, file = '0500000US56001.prn')
Fortran runtime error: Sequential READ or WRITE not allowed after EOF marker, possibly use REWIND or BACKSPACE
 Failed SN SD test.
 Parm:Temp. Dew Pt.   Month:          12  Year:        2016  Mlevel=   20.0000000      SDlevel=   100.000000      Days:        1147
 Failed SN SD test.
 Parm:Temp. Dew Pt.   Month:          12  Year:        2016  Mlevel=   10.0000000      SDlevel=   100.000000      Days:        1147
 Failed SN SD test.
 Parm:Temp. Dew Pt.   Month:          12  Year:        2016  Mlevel=   40.0000000      SDlevel=   100.000000      Days:        1147
 Failed SN SD test.
 Parm:Temp. Dew Pt.   Month:          12  Year:        2016  Mlevel=   10.0000000      SDlevel=   100.000000      Days:        1147
*** ERROR *** Could not produce desired level of quality in
                    << Temp. Dew Pt.   >> random deviates.
 FAILED K-S -- Parm:Time to Peak    Mon:          12  Year:        2016  N:         203
 Tdew -10 rangecheck executed.
 Tdew -10 rangecheck executed.
 Tdew -10 rangecheck executed.
 Tdew -10 rangecheck executed.
 Tdew -10 rangecheck executed.
 Failed SN SD test.
 Parm:Temp. Dew Pt.   Month:          12  Year:        2017  Mlevel=   20.0000000      SDlevel=   100.000000      Days:        1178
 Failed SN SD test.
 Parm:Temp. Dew Pt.   Month:          12  Year:        2017  Mlevel=   10.0000000      SDlevel=   100.000000      Days:        1178
 FAILED K-S -- Parm:Temp. Dew Pt.   Mon:          12  Year:        2017  N:         930
 Failed SN SD test.
 Parm:Temp. Dew Pt.   Month:          12  Year:        2017  Mlevel=   10.0000000      SDlevel=   100.000000      Days:        1178
 Failed SN SD test.
 Parm:Temp. Dew Pt.   Month:          12  Year:        2017  Mlevel=   30.0000000      SDlevel=   100.000000      Days:        1178
 Failed SN SD test.
 Parm:Temp. Dew Pt.   Month:          12  Year:        2017  Mlevel=   1.00000000      SDlevel=   100.000000      Days:        1178
*** ERROR *** Could not produce desired level of quality in
                    << Temp. Dew Pt.   >> random deviates.
