

  ********************************************************************
  *                                                                  *
  *              USDA - WATER EROSION PREDICTION PROJECT             *
  *                 WEPP CLIMATE INPUT DATA GENERATOR                *
  *                                                                  *
  *                    CONTINUOUS SIMULATION AND                     *
  *                       SINGLE STORM OPTIONS                       *
  *                    with Command Line Options,                    *
  *                        and Corrections to                        *
  *                  Rainfall Intensity Calculations                 *
  *                   and Random Number Generation.                  *
  *                                                                  *
  *                          VERSION 5.30000                         *
  *                     Revised from VERSION 4.2                     *
  *                           October 2004                           *
  *                                                                  *
  *           (Use -h or /h to list command line options.)           *
  *                                                                  *
  ********************************************************************


 il118916.par                                                                                                                                                                                                                                                    
 0500000US17011.prn                                                                                                                                                                                                                                              
 Tdew -10 rangecheck executed.
 Tdew -10 rangecheck executed.
 Tdew -10 rangecheck executed.
 Tdew -10 rangecheck executed.
 Tdew -10 rangecheck executed.
 Tdew -10 rangecheck executed.
 Tdew -10 rangecheck executed.
 Tdew -10 rangecheck executed.
 Tdew -10 rangecheck executed.
 Tdew -10 rangecheck executed.
 Tdew -10 rangecheck executed.
 Tdew -10 rangecheck executed.
 Tdew -10 rangecheck executed.
 Tdew -10 rangecheck executed.
 Tdew -10 rangecheck executed.
 Tdew -10 rangecheck executed.
 Tdew -10 rangecheck executed.
 Tdew -10 rangecheck executed.
 Tdew -10 rangecheck executed.
 Tdew -10 rangecheck executed.
 Tdew -10 rangecheck executed.
 Tdew -10 rangecheck executed.
 Tdew -10 rangecheck executed.
 Tdew -10 rangecheck executed.
 Tdew -10 rangecheck executed.
 FAILED K-S -- Parm:Precip. Amt.    Mon:          12  Year:        1996  N:         105
 FAILED K-S -- Parm:Precip. Amt.    Mon:          12  Year:        1996  N:         105
 FAILED K-S -- Parm:Precip. Amt.    Mon:          12  Year:        1996  N:         105
 FAILED K-S -- Parm:Precip. Amt.    Mon:          12  Year:        1996  N:         105
 FAILED K-S -- Parm:Precip. Amt.    Mon:          12  Year:        1996  N:         105
*** ERROR *** Could not produce desired level of quality in
                    << Precip. Amt.    >> random deviates.
 Tdew -10 rangecheck executed.
 Tdew -10 rangecheck executed.
 FAILED K-S -- Parm:Precip. Amt.    Mon:          12  Year:        1997  N:         110
 FAILED K-S -- Parm:Precip. Amt.    Mon:          12  Year:        1997  N:         110
 FAILED K-S -- Parm:Precip. Amt.    Mon:          12  Year:        1997  N:         110
 FAILED K-S -- Parm:Precip. Amt.    Mon:          12  Year:        1997  N:         110
 FAILED K-S -- Parm:Precip. Amt.    Mon:          12  Year:        1997  N:         110
*** ERROR *** Could not produce desired level of quality in
                    << Precip. Amt.    >> random deviates.
 FAILED K-S -- Parm:Precip. Amt.    Mon:          12  Year:        1998  N:         114
 FAILED K-S -- Parm:Precip. Amt.    Mon:          12  Year:        1998  N:         114
 FAILED K-S -- Parm:Precip. Amt.    Mon:          12  Year:        1998  N:         114
 FAILED K-S -- Parm:Precip. Amt.    Mon:          12  Year:        1998  N:         114
 FAILED K-S -- Parm:Precip. Amt.    Mon:          12  Year:        1998  N:         114
*** ERROR *** Could not produce desired level of quality in
                    << Precip. Amt.    >> random deviates.
 FAILED K-S -- Parm:Precip. Amt.    Mon:          12  Year:        1999  N:         121
 FAILED K-S -- Parm:Precip. Amt.    Mon:          12  Year:        1999  N:         121
 FAILED K-S -- Parm:Precip. Amt.    Mon:          12  Year:        1999  N:         121
 FAILED K-S -- Parm:Precip. Amt.    Mon:          12  Year:        1999  N:         121
 FAILED K-S -- Parm:Precip. Amt.    Mon:          12  Year:        1999  N:         121
*** ERROR *** Could not produce desired level of quality in
                    << Precip. Amt.    >> random deviates.
 Failed SN SD test.
 Parm:Temp. Dew Pt.   Month:          12  Year:        1999  Mlevel=   10.0000000      SDlevel=   64.6017761      Days:         620
 FAILED K-S -- Parm:Precip. Amt.    Mon:          12  Year:        2000  N:         127
 FAILED K-S -- Parm:Precip. Amt.    Mon:          12  Year:        2000  N:         127
 FAILED K-S -- Parm:Precip. Amt.    Mon:          12  Year:        2000  N:         127
 FAILED K-S -- Parm:Precip. Amt.    Mon:          12  Year:        2000  N:         127
 FAILED K-S -- Parm:Precip. Amt.    Mon:          12  Year:        2000  N:         127
*** ERROR *** Could not produce desired level of quality in
                    << Precip. Amt.    >> random deviates.
 Failed SN SD test.
 Parm:Temp. Dew Pt.   Month:          12  Year:        2000  Mlevel=   5.00000000      SDlevel=   90.9763412      Days:         651
 Tdew -10 rangecheck executed.
 FAILED K-S -- Parm:Precip. Amt.    Mon:          12  Year:        2001  N:         131
 FAILED K-S -- Parm:Precip. Amt.    Mon:          12  Year:        2001  N:         131
 FAILED K-S -- Parm:Precip. Amt.    Mon:          12  Year:        2001  N:         131
 FAILED K-S -- Parm:Precip. Amt.    Mon:          12  Year:        2001  N:         131
 FAILED K-S -- Parm:Precip. Amt.    Mon:          12  Year:        2001  N:         131
*** ERROR *** Could not produce desired level of quality in
                    << Precip. Amt.    >> random deviates.
 Failed SN SD test.
 Parm:Temp. Dew Pt.   Month:          12  Year:        2001  Mlevel=   1.00000000      SDlevel=   99.1413193      Days:         682
 FAILED K-S -- Parm:Precip. Amt.    Mon:          12  Year:        2002  N:         139
 FAILED K-S -- Parm:Precip. Amt.    Mon:          12  Year:        2002  N:         139
 FAILED K-S -- Parm:Precip. Amt.    Mon:          12  Year:        2002  N:         139
 FAILED K-S -- Parm:Precip. Amt.    Mon:          12  Year:        2002  N:         139
 FAILED K-S -- Parm:Precip. Amt.    Mon:          12  Year:        2002  N:         139
*** ERROR *** Could not produce desired level of quality in
                    << Precip. Amt.    >> random deviates.
 Failed SN SD test.
 Parm:Temp. Dew Pt.   Month:          12  Year:        2002  Mlevel=   10.0000000      SDlevel=   99.7291870      Days:         713
 FAILED K-S -- Parm:Precip. Amt.    Mon:          12  Year:        2003  N:         144
 FAILED K-S -- Parm:Precip. Amt.    Mon:          12  Year:        2003  N:         144
 FAILED K-S -- Parm:Precip. Amt.    Mon:          12  Year:        2003  N:         144
 FAILED K-S -- Parm:Precip. Amt.    Mon:          12  Year:        2003  N:         144
 FAILED K-S -- Parm:Precip. Amt.    Mon:          12  Year:        2003  N:         144
*** ERROR *** Could not produce desired level of quality in
                    << Precip. Amt.    >> random deviates.
 Failed SN SD test.
 Parm:Temp. Dew Pt.   Month:          12  Year:        2003  Mlevel=   10.0000000      SDlevel=   99.9947815      Days:         744
 FAILED K-S -- Parm:Precip. Amt.    Mon:          12  Year:        2004  N:         152
 FAILED K-S -- Parm:Precip. Amt.    Mon:          12  Year:        2004  N:         152
 FAILED K-S -- Parm:Precip. Amt.    Mon:          12  Year:        2004  N:         152
 FAILED K-S -- Parm:Precip. Amt.    Mon:          12  Year:        2004  N:         152
 FAILED K-S -- Parm:Precip. Amt.    Mon:          12  Year:        2004  N:         152
*** ERROR *** Could not produce desired level of quality in
                    << Precip. Amt.    >> random deviates.
 Failed SN SD test.
 Parm:Temp. Dew Pt.   Month:          12  Year:        2004  Mlevel=   5.00000000      SDlevel=   99.9999695      Days:         775
 FAILED K-S -- Parm:Precip. Amt.    Mon:          12  Year:        2005  N:         158
 FAILED K-S -- Parm:Precip. Amt.    Mon:          12  Year:        2005  N:         158
 FAILED K-S -- Parm:Precip. Amt.    Mon:          12  Year:        2005  N:         158
 FAILED K-S -- Parm:Precip. Amt.    Mon:          12  Year:        2005  N:         158
 FAILED K-S -- Parm:Precip. Amt.    Mon:          12  Year:        2005  N:         158
*** ERROR *** Could not produce desired level of quality in
                    << Precip. Amt.    >> random deviates.
 Failed SN SD test.
 Parm:Temp. Dew Pt.   Month:          12  Year:        2005  Mlevel=   10.0000000      SDlevel=   100.000000      Days:         806
 Failed SN SD test.
 Parm:Temp. Dew Pt.   Month:          12  Year:        2006  Mlevel=   0.00000000      SDlevel=   100.000000      Days:         837
 Failed SN SD test.
 Parm:Temp. Dew Pt.   Month:          12  Year:        2006  Mlevel=   10.0000000      SDlevel=   100.000000      Days:         837
 Failed SN SD test.
 Parm:Temp. Dew Pt.   Month:          12  Year:        2006  Mlevel=  0.500000000      SDlevel=   100.000000      Days:         837
 Failed SN SD test.
 Parm:Temp. Dew Pt.   Month:          12  Year:        2006  Mlevel=   5.00000000      SDlevel=   100.000000      Days:         837
 Failed SN SD test.
 Parm:Temp. Dew Pt.   Month:          12  Year:        2006  Mlevel=   10.0000000      SDlevel=   100.000000      Days:         837
*** ERROR *** Could not produce desired level of quality in
                    << Temp. Dew Pt.   >> random deviates.
 Tdew -10 rangecheck executed.
 Failed SN SD test.
 Parm:Temp. Dew Pt.   Month:          12  Year:        2007  Mlevel=   5.00000000      SDlevel=   100.000000      Days:         868
 Failed SN SD test.
 Parm:Temp. Dew Pt.   Month:          12  Year:        2007  Mlevel=   20.0000000      SDlevel=   100.000000      Days:         868
 Failed SN SD test.
 Parm:Temp. Dew Pt.   Month:          12  Year:        2007  Mlevel=   20.0000000      SDlevel=   100.000000      Days:         868
 Failed SN SD test.
 Parm:Temp. Dew Pt.   Month:          12  Year:        2007  Mlevel=   30.0000000      SDlevel=   100.000000      Days:         868
 Failed SN SD test.
 Parm:Temp. Dew Pt.   Month:          12  Year:        2007  Mlevel=   1.00000000      SDlevel=   100.000000      Days:         868
*** ERROR *** Could not produce desired level of quality in
                    << Temp. Dew Pt.   >> random deviates.
 Failed SN SD test.
 Parm:Temp. Dew Pt.   Month:          12  Year:        2008  Mlevel=   10.0000000      SDlevel=   100.000000      Days:         899
 Failed SN SD test.
 Parm:Temp. Dew Pt.   Month:          12  Year:        2008  Mlevel=   10.0000000      SDlevel=   100.000000      Days:         899
 Failed SN SD test.
 Parm:Temp. Dew Pt.   Month:          12  Year:        2008  Mlevel=   10.0000000      SDlevel=   100.000000      Days:         899
 Failed SN SD test.
 Parm:Temp. Dew Pt.   Month:          12  Year:        2008  Mlevel=  0.500000000      SDlevel=   100.000000      Days:         899
 Failed SN SD test.
 Parm:Temp. Dew Pt.   Month:          12  Year:        2008  Mlevel=   1.00000000      SDlevel=   100.000000      Days:         899
*** ERROR *** Could not produce desired level of quality in
                    << Temp. Dew Pt.   >> random deviates.
 Tdew -10 rangecheck executed.
 Tdew -10 rangecheck executed.
 Failed SN SD test.
 Parm:Temp. Dew Pt.   Month:          12  Year:        2009  Mlevel=   5.00000000      SDlevel=   100.000000      Days:         930
 Failed SN SD test.
 Parm:Temp. Dew Pt.   Month:          12  Year:        2009  Mlevel=   10.0000000      SDlevel=   100.000000      Days:         930
 Failed SN SD test.
 Parm:Temp. Dew Pt.   Month:          12  Year:        2009  Mlevel=   30.0000000      SDlevel=   100.000000      Days:         930
 Failed SN SD test.
 Parm:Temp. Dew Pt.   Month:          12  Year:        2009  Mlevel=   10.0000000      SDlevel=   100.000000      Days:         930
 Failed SN SD test.
 Parm:Temp. Dew Pt.   Month:          12  Year:        2009  Mlevel=   20.0000000      SDlevel=   100.000000      Days:         930
*** ERROR *** Could not produce desired level of quality in
                    << Temp. Dew Pt.   >> random deviates.
 Tdew -10 rangecheck executed.
 Failed SN SD test.
 Parm:Temp. Dew Pt.   Month:          12  Year:        2010  Mlevel=   30.0000000      SDlevel=   100.000000      Days:         961
 Failed SN SD test.
 Parm:Temp. Dew Pt.   Month:          12  Year:        2010  Mlevel=   20.0000000      SDlevel=   100.000000      Days:         961
 Failed SN SD test.
 Parm:Temp. Dew Pt.   Month:          12  Year:        2010  Mlevel=   30.0000000      SDlevel=   100.000000      Days:         961
 Failed SN SD test.
 Parm:Temp. Dew Pt.   Month:          12  Year:        2010  Mlevel=   10.0000000      SDlevel=   99.9999924      Days:         961
 Failed SN SD test.
 Parm:Temp. Dew Pt.   Month:          12  Year:        2010  Mlevel=   10.0000000      SDlevel=   100.000000      Days:         961
*** ERROR *** Could not produce desired level of quality in
                    << Temp. Dew Pt.   >> random deviates.
 Tdew -10 rangecheck executed.
 Failed SN SD test.
 Parm:Temp. Dew Pt.   Month:          12  Year:        2011  Mlevel=   10.0000000      SDlevel=   99.9999847      Days:         992
 Failed SN SD test.
 Parm:Temp. Dew Pt.   Month:          12  Year:        2011  Mlevel=   20.0000000      SDlevel=   100.000000      Days:         992
 Failed SN SD test.
 Parm:Temp. Dew Pt.   Month:          12  Year:        2011  Mlevel=   40.0000000      SDlevel=   99.9999924      Days:         992
 Failed SN SD test.
 Parm:Temp. Dew Pt.   Month:          12  Year:        2011  Mlevel=   10.0000000      SDlevel=   100.000000      Days:         992
 Failed SN SD test.
 Parm:Temp. Dew Pt.   Month:          12  Year:        2011  Mlevel=   1.00000000      SDlevel=   100.000000      Days:         992
*** ERROR *** Could not produce desired level of quality in
                    << Temp. Dew Pt.   >> random deviates.
 Failed SN SD test.
 Parm:Temp. Dew Pt.   Month:          12  Year:        2012  Mlevel=   1.00000000      SDlevel=   99.9999924      Days:        1023
 Failed SN SD test.
 Parm:Temp. Dew Pt.   Month:          12  Year:        2012  Mlevel=   10.0000000      SDlevel=   99.9999924      Days:        1023
 Failed SN SD test.
 Parm:Temp. Dew Pt.   Month:          12  Year:        2012  Mlevel=   20.0000000      SDlevel=   100.000000      Days:        1023
 Failed SN SD test.
 Parm:Temp. Dew Pt.   Month:          12  Year:        2012  Mlevel=   10.0000000      SDlevel=   99.9999924      Days:        1023
 Failed SN SD test.
 Parm:Temp. Dew Pt.   Month:          12  Year:        2012  Mlevel=   5.00000000      SDlevel=   100.000000      Days:        1023
*** ERROR *** Could not produce desired level of quality in
                    << Temp. Dew Pt.   >> random deviates.
 Failed SN SD test.
 Parm:Temp. Dew Pt.   Month:          12  Year:        2013  Mlevel=   5.00000000      SDlevel=   100.000000      Days:        1054
 Failed SN SD test.
 Parm:Temp. Dew Pt.   Month:          12  Year:        2013  Mlevel=   10.0000000      SDlevel=   100.000000      Days:        1054
 Failed SN SD test.
 Parm:Temp. Dew Pt.   Month:          12  Year:        2013  Mlevel=   10.0000000      SDlevel=   100.000000      Days:        1054
 Failed SN SD test.
 Parm:Temp. Dew Pt.   Month:          12  Year:        2013  Mlevel=   10.0000000      SDlevel=   99.9999924      Days:        1054
 Failed SN SD test.
 Parm:Temp. Dew Pt.   Month:          12  Year:        2013  Mlevel=   5.00000000      SDlevel=   99.9999847      Days:        1054
*** ERROR *** Could not produce desired level of quality in
                    << Temp. Dew Pt.   >> random deviates.
At line 3013 of file cligen53.f (unit = 9, file = '0500000US17011.prn')
Fortran runtime error: Sequential READ or WRITE not allowed after EOF marker, possibly use REWIND or BACKSPACE
 Tdew -10 rangecheck executed.
 Tdew -10 rangecheck executed.
 Tdew -10 rangecheck executed.
 Failed SN SD test.
 Parm:Temp. Dew Pt.   Month:          12  Year:        2014  Mlevel=   10.0000000      SDlevel=   99.9999924      Days:        1085
 Failed SN SD test.
 Parm:Temp. Dew Pt.   Month:          12  Year:        2014  Mlevel=   1.00000000      SDlevel=   99.9999924      Days:        1085
 Failed SN SD test.
 Parm:Temp. Dew Pt.   Month:          12  Year:        2014  Mlevel=   10.0000000      SDlevel=   99.9999847      Days:        1085
 Failed SN SD test.
 Parm:Temp. Dew Pt.   Month:          12  Year:        2014  Mlevel=   10.0000000      SDlevel=   99.9999847      Days:        1085
 Failed SN SD test.
 Parm:Temp. Dew Pt.   Month:          12  Year:        2014  Mlevel=   1.00000000      SDlevel=   99.9999847      Days:        1085
*** ERROR *** Could not produce desired level of quality in
                    << Temp. Dew Pt.   >> random deviates.
 Tdew -10 rangecheck executed.
 Failed SN SD test.
 Parm:Temp. Dew Pt.   Month:          12  Year:        2015  Mlevel=   1.00000000      SDlevel=   99.9999695      Days:        1116
 Failed SN SD test.
 Parm:Temp. Dew Pt.   Month:          12  Year:        2015  Mlevel=   30.0000000      SDlevel=   99.9999542      Days:        1116
 Failed SN SD test.
 Parm:Temp. Dew Pt.   Month:          12  Year:        2015  Mlevel=   10.0000000      SDlevel=   99.9999771      Days:        1116
 Failed SN SD test.
 Parm:Temp. Dew Pt.   Month:          12  Year:        2015  Mlevel=   1.00000000      SDlevel=   99.9999695      Days:        1116
 Failed SN SD test.
 Parm:Temp. Dew Pt.   Month:          12  Year:        2015  Mlevel=   5.00000000      SDlevel=   99.9999619      Days:        1116
*** ERROR *** Could not produce desired level of quality in
                    << Temp. Dew Pt.   >> random deviates.
 FAILED K-S -- Parm:Time to Peak    Mon:          12  Year:        2015  N:         235
 Failed SN SD test.
 Parm:Temp. Dew Pt.   Month:          12  Year:        2016  Mlevel=   1.00000000      SDlevel=   99.9999771      Days:        1147
 Failed SN SD test.
 Parm:Temp. Dew Pt.   Month:          12  Year:        2016  Mlevel=   5.00000000      SDlevel=   99.9999847      Days:        1147
 Failed SN SD test.
 Parm:Temp. Dew Pt.   Month:          12  Year:        2016  Mlevel=  0.500000000      SDlevel=   99.9998627      Days:        1147
 Failed SN SD test.
 Parm:Temp. Dew Pt.   Month:          12  Year:        2016  Mlevel=   30.0000000      SDlevel=   99.9997711      Days:        1147
 Failed SN SD test.
 Parm:Temp. Dew Pt.   Month:          12  Year:        2016  Mlevel=   20.0000000      SDlevel=   99.9997406      Days:        1147
*** ERROR *** Could not produce desired level of quality in
                    << Temp. Dew Pt.   >> random deviates.
 Tdew -10 rangecheck executed.
 Failed SN SD test.
 Parm:Temp. Dew Pt.   Month:          12  Year:        2017  Mlevel=   20.0000000      SDlevel=   99.9998779      Days:        1178
 Failed SN SD test.
 Parm:Temp. Dew Pt.   Month:          12  Year:        2017  Mlevel=   20.0000000      SDlevel=   99.9995041      Days:        1178
 Failed SN SD test.
 Parm:Temp. Dew Pt.   Month:          12  Year:        2017  Mlevel=   20.0000000      SDlevel=   99.9998474      Days:        1178
 Failed SN SD test.
 Parm:Temp. Dew Pt.   Month:          12  Year:        2017  Mlevel=   40.0000000      SDlevel=   99.9995880      Days:        1178
 Failed SN SD test.
 Parm:Temp. Dew Pt.   Month:          12  Year:        2017  Mlevel=   10.0000000      SDlevel=   99.9998932      Days:        1178
*** ERROR *** Could not produce desired level of quality in
                    << Temp. Dew Pt.   >> random deviates.
 Tdew -10 rangecheck executed.
 Tdew -10 rangecheck executed.
