

  ********************************************************************
  *                                                                  *
  *              USDA - WATER EROSION PREDICTION PROJECT             *
  *                 WEPP CLIMATE INPUT DATA GENERATOR                *
  *                                                                  *
  *                    CONTINUOUS SIMULATION AND                     *
  *                       SINGLE STORM OPTIONS                       *
  *                    with Command Line Options,                    *
  *                        and Corrections to                        *
  *                  Rainfall Intensity Calculations                 *
  *                   and Random Number Generation.                  *
  *                                                                  *
  *                          VERSION 5.30000                         *
  *                     Revised from VERSION 4.2                     *
  *                           October 2004                           *
  *                                                                  *
  *           (Use -h or /h to list command line options.)           *
  *                                                                  *
  ********************************************************************


 ia132573.par                                                                                                                                                                                                                                                    
 0500000US19083.prn                                                                                                                                                                                                                                              
 Tdew -10 rangecheck executed.
 Tdew -10 rangecheck executed.
 Tdew -10 rangecheck executed.
 Tdew -10 rangecheck executed.
 Tdew -10 rangecheck executed.
 Tdew -10 rangecheck executed.
 Tdew -10 rangecheck executed.
 Tdew -10 rangecheck executed.
 Tdew -10 rangecheck executed.
 Tdew -10 rangecheck executed.
 Tdew -10 rangecheck executed.
 Tdew -10 rangecheck executed.
 Tdew -10 rangecheck executed.
 Tdew -10 rangecheck executed.
 Tdew -10 rangecheck executed.
 Tdew -10 rangecheck executed.
 Tdew -10 rangecheck executed.
 Tdew -10 rangecheck executed.
 Tdew -10 rangecheck executed.
 Tdew -10 rangecheck executed.
 Tdew -10 rangecheck executed.
 Tdew -10 rangecheck executed.
 Tdew -10 rangecheck executed.
 Tdew -10 rangecheck executed.
 Tdew -10 rangecheck executed.
 Tdew -10 rangecheck executed.
 Tdew -10 rangecheck executed.
 FAILED K-S -- Parm:Precip. Amt.    Mon:           6  Year:        1988  N:         100
 FAILED K-S -- Parm:Precip. Amt.    Mon:           6  Year:        1988  N:         100
 FAILED K-S -- Parm:Precip. Amt.    Mon:           6  Year:        1988  N:         100
 FAILED K-S -- Parm:Precip. Amt.    Mon:           6  Year:        1988  N:         100
 FAILED K-S -- Parm:Precip. Amt.    Mon:           6  Year:        1988  N:         100
*** ERROR *** Could not produce desired level of quality in
                    << Precip. Amt.    >> random deviates.
 Tdew -10 rangecheck executed.
 Tdew -10 rangecheck executed.
 FAILED K-S -- Parm:Precip. Amt.    Mon:           6  Year:        1989  N:         118
 FAILED K-S -- Parm:Precip. Amt.    Mon:           6  Year:        1989  N:         118
 FAILED K-S -- Parm:Precip. Amt.    Mon:           6  Year:        1989  N:         118
 FAILED K-S -- Parm:Precip. Amt.    Mon:           6  Year:        1989  N:         118
 FAILED K-S -- Parm:Precip. Amt.    Mon:           6  Year:        1989  N:         118
*** ERROR *** Could not produce desired level of quality in
                    << Precip. Amt.    >> random deviates.
 Tdew -10 rangecheck executed.
 Tdew -10 rangecheck executed.
 Tdew -10 rangecheck executed.
 Tdew -10 rangecheck executed.
 FAILED K-S -- Parm:Precip. Amt.    Mon:           6  Year:        1990  N:         132
 FAILED K-S -- Parm:Precip. Amt.    Mon:           6  Year:        1990  N:         132
 FAILED K-S -- Parm:Precip. Amt.    Mon:           6  Year:        1990  N:         132
 FAILED K-S -- Parm:Precip. Amt.    Mon:           6  Year:        1990  N:         132
 FAILED K-S -- Parm:Precip. Amt.    Mon:           6  Year:        1990  N:         132
*** ERROR *** Could not produce desired level of quality in
                    << Precip. Amt.    >> random deviates.
 Failed SN SD test.
 Parm:Temp. Dew Pt.   Month:           6  Year:        1990  Mlevel=   10.0000000      SDlevel=   50.7759323      Days:         330
 Tdew -10 rangecheck executed.
 Tdew -10 rangecheck executed.
 Tdew -10 rangecheck executed.
 FAILED K-S -- Parm:Precip. Amt.    Mon:           6  Year:        1991  N:         137
 FAILED K-S -- Parm:Precip. Amt.    Mon:           6  Year:        1991  N:         137
 FAILED K-S -- Parm:Precip. Amt.    Mon:           6  Year:        1991  N:         137
 FAILED K-S -- Parm:Precip. Amt.    Mon:           6  Year:        1991  N:         137
 FAILED K-S -- Parm:Precip. Amt.    Mon:           6  Year:        1991  N:         137
*** ERROR *** Could not produce desired level of quality in
                    << Precip. Amt.    >> random deviates.
 FAILED K-S -- Parm:Wind Dir.       Mon:           6  Year:        1991  N:         360
 Failed SN SD test.
 Parm:Temp. Dew Pt.   Month:           6  Year:        1991  Mlevel=   10.0000000      SDlevel=   82.0493393      Days:         360
 FAILED K-S -- Parm:Precip. Amt.    Mon:           6  Year:        1992  N:         149
 FAILED K-S -- Parm:Precip. Amt.    Mon:           6  Year:        1992  N:         149
 FAILED K-S -- Parm:Precip. Amt.    Mon:           6  Year:        1992  N:         149
 FAILED K-S -- Parm:Precip. Amt.    Mon:           6  Year:        1992  N:         149
 FAILED K-S -- Parm:Precip. Amt.    Mon:           6  Year:        1992  N:         149
*** ERROR *** Could not produce desired level of quality in
                    << Precip. Amt.    >> random deviates.
 FAILED K-S -- Parm:Temp. Dew Pt.   Mon:           6  Year:        1992  N:         330
 FAILED K-S -- Parm:Precip. Amt.    Mon:           6  Year:        1993  N:         161
 FAILED K-S -- Parm:Precip. Amt.    Mon:           6  Year:        1993  N:         161
 FAILED K-S -- Parm:Precip. Amt.    Mon:           6  Year:        1993  N:         161
 FAILED K-S -- Parm:Precip. Amt.    Mon:           6  Year:        1993  N:         161
 FAILED K-S -- Parm:Precip. Amt.    Mon:           6  Year:        1993  N:         161
*** ERROR *** Could not produce desired level of quality in
                    << Precip. Amt.    >> random deviates.
 Failed SN SD test.
 Parm:Temp. Dew Pt.   Month:           6  Year:        1993  Mlevel=   50.0000000      SDlevel=   99.9922943      Days:         420
 Tdew -10 rangecheck executed.
 Tdew -10 rangecheck executed.
 Tdew -10 rangecheck executed.
 Tdew -10 rangecheck executed.
 Tdew -10 rangecheck executed.
 Tdew -10 rangecheck executed.
 Tdew -10 rangecheck executed.
 Tdew -10 rangecheck executed.
 Tdew -10 rangecheck executed.
 Tdew -10 rangecheck executed.
 FAILED K-S -- Parm:Precip. Amt.    Mon:           6  Year:        1994  N:         178
 FAILED K-S -- Parm:Precip. Amt.    Mon:           6  Year:        1994  N:         178
 FAILED K-S -- Parm:Precip. Amt.    Mon:           6  Year:        1994  N:         178
 FAILED K-S -- Parm:Precip. Amt.    Mon:           6  Year:        1994  N:         178
 FAILED K-S -- Parm:Precip. Amt.    Mon:           6  Year:        1994  N:         178
*** ERROR *** Could not produce desired level of quality in
                    << Precip. Amt.    >> random deviates.
 Failed SN Mean test.
 Failed SN SD test.
 Parm:Temp. Dew Pt.   Month:           6  Year:        1994  Mlevel=   60.0000000      SDlevel=   99.9974213      Days:         450
 Tdew -10 rangecheck executed.
 Tdew -10 rangecheck executed.
 FAILED K-S -- Parm:Precip. Amt.    Mon:           6  Year:        1995  N:         192
 FAILED K-S -- Parm:Precip. Amt.    Mon:           6  Year:        1995  N:         192
 FAILED K-S -- Parm:Precip. Amt.    Mon:           6  Year:        1995  N:         192
 FAILED K-S -- Parm:Precip. Amt.    Mon:           6  Year:        1995  N:         192
 FAILED K-S -- Parm:Precip. Amt.    Mon:           6  Year:        1995  N:         192
*** ERROR *** Could not produce desired level of quality in
                    << Precip. Amt.    >> random deviates.
 Failed SN SD test.
 Parm:Temp. Dew Pt.   Month:           6  Year:        1995  Mlevel=   40.0000000      SDlevel=   100.000000      Days:         480
 Tdew -10 rangecheck executed.
 Tdew -10 rangecheck executed.
 Tdew -10 rangecheck executed.
 Tdew -10 rangecheck executed.
 Tdew -10 rangecheck executed.
 Tdew -10 rangecheck executed.
 Tdew -10 rangecheck executed.
 Tdew -10 rangecheck executed.
 FAILED K-S -- Parm:Precip. Amt.    Mon:           6  Year:        1996  N:         208
 FAILED K-S -- Parm:Precip. Amt.    Mon:           6  Year:        1996  N:         208
 FAILED K-S -- Parm:Precip. Amt.    Mon:           6  Year:        1996  N:         208
 FAILED K-S -- Parm:Precip. Amt.    Mon:           6  Year:        1996  N:         208
 FAILED K-S -- Parm:Precip. Amt.    Mon:           6  Year:        1996  N:         208
*** ERROR *** Could not produce desired level of quality in
                    << Precip. Amt.    >> random deviates.
 Failed SN SD test.
 Parm:Temp. Dew Pt.   Month:           6  Year:        1996  Mlevel=   20.0000000      SDlevel=   100.000000      Days:         510
 Tdew -10 rangecheck executed.
 Tdew -10 rangecheck executed.
 Tdew -10 rangecheck executed.
 Tdew -10 rangecheck executed.
 Tdew -10 rangecheck executed.
 Tdew -10 rangecheck executed.
 Tdew -10 rangecheck executed.
 FAILED K-S -- Parm:Precip. Amt.    Mon:           6  Year:        1997  N:         218
 FAILED K-S -- Parm:Precip. Amt.    Mon:           6  Year:        1997  N:         218
 FAILED K-S -- Parm:Precip. Amt.    Mon:           6  Year:        1997  N:         218
 FAILED K-S -- Parm:Precip. Amt.    Mon:           6  Year:        1997  N:         218
 FAILED K-S -- Parm:Precip. Amt.    Mon:           6  Year:        1997  N:         218
*** ERROR *** Could not produce desired level of quality in
                    << Precip. Amt.    >> random deviates.
 Failed SN SD test.
 Parm:Temp. Dew Pt.   Month:           6  Year:        1997  Mlevel=   30.0000000      SDlevel=   100.000000      Days:         540
 FAILED K-S -- Parm:Precip. Amt.    Mon:           6  Year:        1998  N:         231
 FAILED K-S -- Parm:Precip. Amt.    Mon:           6  Year:        1998  N:         231
 FAILED K-S -- Parm:Precip. Amt.    Mon:           6  Year:        1998  N:         231
 FAILED K-S -- Parm:Precip. Amt.    Mon:           6  Year:        1998  N:         231
 FAILED K-S -- Parm:Precip. Amt.    Mon:           6  Year:        1998  N:         231
*** ERROR *** Could not produce desired level of quality in
                    << Precip. Amt.    >> random deviates.
 Failed SN SD test.
 Parm:Temp. Dew Pt.   Month:           6  Year:        1998  Mlevel=   20.0000000      SDlevel=   100.000000      Days:         570
 Tdew -10 rangecheck executed.
 Tdew -10 rangecheck executed.
 Failed SN SD test.
 Parm:Temp. Dew Pt.   Month:           6  Year:        1999  Mlevel=   30.0000000      SDlevel=   100.000000      Days:         600
 Failed SN SD test.
 Parm:Temp. Dew Pt.   Month:           6  Year:        1999  Mlevel=   20.0000000      SDlevel=   100.000000      Days:         600
 Failed SN SD test.
 Parm:Temp. Dew Pt.   Month:           6  Year:        1999  Mlevel=   20.0000000      SDlevel=   100.000000      Days:         600
 Failed SN SD test.
 Parm:Temp. Dew Pt.   Month:           6  Year:        1999  Mlevel=   10.0000000      SDlevel=   100.000000      Days:         600
 Failed SN SD test.
 Parm:Temp. Dew Pt.   Month:           6  Year:        1999  Mlevel=   10.0000000      SDlevel=   100.000000      Days:         600
*** ERROR *** Could not produce desired level of quality in
                    << Temp. Dew Pt.   >> random deviates.
 Failed SN SD test.
 Parm:Temp. Dew Pt.   Month:           6  Year:        2000  Mlevel=   30.0000000      SDlevel=   100.000000      Days:         630
 Failed SN SD test.
 Parm:Temp. Dew Pt.   Month:           6  Year:        2000  Mlevel=   20.0000000      SDlevel=   100.000000      Days:         630
 Failed SN SD test.
 Parm:Temp. Dew Pt.   Month:           6  Year:        2000  Mlevel=   1.00000000      SDlevel=   100.000000      Days:         630
 Failed SN SD test.
 Parm:Temp. Dew Pt.   Month:           6  Year:        2000  Mlevel=   1.00000000      SDlevel=   100.000000      Days:         630
 Failed SN SD test.
 Parm:Temp. Dew Pt.   Month:           6  Year:        2000  Mlevel=   0.00000000      SDlevel=   100.000000      Days:         630
*** ERROR *** Could not produce desired level of quality in
                    << Temp. Dew Pt.   >> random deviates.
 Tdew -10 rangecheck executed.
 Tdew -10 rangecheck executed.
 Tdew -10 rangecheck executed.
 Failed SN SD test.
 Parm:Temp. Dew Pt.   Month:           6  Year:        2001  Mlevel=   20.0000000      SDlevel=   100.000000      Days:         660
 Failed SN SD test.
 Parm:Temp. Dew Pt.   Month:           6  Year:        2001  Mlevel=   5.00000000      SDlevel=   100.000000      Days:         660
 Failed SN SD test.
 Parm:Temp. Dew Pt.   Month:           6  Year:        2001  Mlevel=   1.00000000      SDlevel=   100.000000      Days:         660
 Failed SN SD test.
 Parm:Temp. Dew Pt.   Month:           6  Year:        2001  Mlevel=   10.0000000      SDlevel=   100.000000      Days:         660
 Failed SN SD test.
 Parm:Temp. Dew Pt.   Month:           6  Year:        2001  Mlevel=   5.00000000      SDlevel=   100.000000      Days:         660
*** ERROR *** Could not produce desired level of quality in
                    << Temp. Dew Pt.   >> random deviates.
 Failed SN SD test.
 Parm:Temp. Dew Pt.   Month:           6  Year:        2002  Mlevel=   30.0000000      SDlevel=   100.000000      Days:         690
 Failed SN SD test.
 Parm:Temp. Dew Pt.   Month:           6  Year:        2002  Mlevel=   5.00000000      SDlevel=   100.000000      Days:         690
 Failed SN SD test.
 Parm:Temp. Dew Pt.   Month:           6  Year:        2002  Mlevel=   5.00000000      SDlevel=   100.000000      Days:         690
 Failed SN SD test.
 Parm:Temp. Dew Pt.   Month:           6  Year:        2002  Mlevel=   5.00000000      SDlevel=   100.000000      Days:         690
 Failed SN SD test.
 Parm:Temp. Dew Pt.   Month:           6  Year:        2002  Mlevel=   5.00000000      SDlevel=   100.000000      Days:         690
*** ERROR *** Could not produce desired level of quality in
                    << Temp. Dew Pt.   >> random deviates.
 Failed SN SD test.
 Parm:Temp. Dew Pt.   Month:           6  Year:        2003  Mlevel=   5.00000000      SDlevel=   100.000000      Days:         720
 Failed SN SD test.
 Parm:Temp. Dew Pt.   Month:           6  Year:        2003  Mlevel=   10.0000000      SDlevel=   100.000000      Days:         720
 Failed SN SD test.
 Parm:Temp. Dew Pt.   Month:           6  Year:        2003  Mlevel=   5.00000000      SDlevel=   100.000000      Days:         720
 Failed SN SD test.
 Parm:Temp. Dew Pt.   Month:           6  Year:        2003  Mlevel=   10.0000000      SDlevel=   100.000000      Days:         720
 Failed SN SD test.
 Parm:Temp. Dew Pt.   Month:           6  Year:        2003  Mlevel=   10.0000000      SDlevel=   100.000000      Days:         720
*** ERROR *** Could not produce desired level of quality in
                    << Temp. Dew Pt.   >> random deviates.
 Tdew -10 rangecheck executed.
 Tdew -10 rangecheck executed.
 Tdew -10 rangecheck executed.
 Failed SN SD test.
 Parm:Temp. Dew Pt.   Month:           6  Year:        2004  Mlevel=   1.00000000      SDlevel=   100.000000      Days:         750
 Failed SN SD test.
 Parm:Temp. Dew Pt.   Month:           6  Year:        2004  Mlevel=   10.0000000      SDlevel=   100.000000      Days:         750
 Failed SN SD test.
 Parm:Temp. Dew Pt.   Month:           6  Year:        2004  Mlevel=   1.00000000      SDlevel=   100.000000      Days:         750
 Failed SN SD test.
 Parm:Temp. Dew Pt.   Month:           6  Year:        2004  Mlevel=   5.00000000      SDlevel=   100.000000      Days:         750
 Failed SN SD test.
 Parm:Temp. Dew Pt.   Month:           6  Year:        2004  Mlevel=   5.00000000      SDlevel=   100.000000      Days:         750
*** ERROR *** Could not produce desired level of quality in
                    << Temp. Dew Pt.   >> random deviates.
 Tdew -10 rangecheck executed.
 Tdew -10 rangecheck executed.
 Failed SN SD test.
 Parm:Temp. Dew Pt.   Month:           6  Year:        2005  Mlevel=   5.00000000      SDlevel=   100.000000      Days:         780
 Failed SN SD test.
 Parm:Temp. Dew Pt.   Month:           6  Year:        2005  Mlevel=   5.00000000      SDlevel=   100.000000      Days:         780
 Failed SN SD test.
 Parm:Temp. Dew Pt.   Month:           6  Year:        2005  Mlevel=   10.0000000      SDlevel=   100.000000      Days:         780
 Failed SN SD test.
 Parm:Temp. Dew Pt.   Month:           6  Year:        2005  Mlevel=   5.00000000      SDlevel=   100.000000      Days:         780
 Failed SN SD test.
 Parm:Temp. Dew Pt.   Month:           6  Year:        2005  Mlevel=   20.0000000      SDlevel=   100.000000      Days:         780
*** ERROR *** Could not produce desired level of quality in
                    << Temp. Dew Pt.   >> random deviates.
 Tdew -10 rangecheck executed.
 Tdew -10 rangecheck executed.
 Failed SN SD test.
 Parm:Temp. Dew Pt.   Month:           6  Year:        2006  Mlevel=   30.0000000      SDlevel=   100.000000      Days:         810
 Failed SN SD test.
 Parm:Temp. Dew Pt.   Month:           6  Year:        2006  Mlevel=   10.0000000      SDlevel=   100.000000      Days:         810
 Failed SN SD test.
 Parm:Temp. Dew Pt.   Month:           6  Year:        2006  Mlevel=   40.0000000      SDlevel=   100.000000      Days:         810
 Failed SN SD test.
 Parm:Temp. Dew Pt.   Month:           6  Year:        2006  Mlevel=   20.0000000      SDlevel=   100.000000      Days:         810
 Failed SN SD test.
 Parm:Temp. Dew Pt.   Month:           6  Year:        2006  Mlevel=   30.0000000      SDlevel=   100.000000      Days:         810
*** ERROR *** Could not produce desired level of quality in
                    << Temp. Dew Pt.   >> random deviates.
 Tdew -10 rangecheck executed.
 Tdew -10 rangecheck executed.
 Tdew -10 rangecheck executed.
 Tdew -10 rangecheck executed.
 Failed SN SD test.
 Parm:Temp. Dew Pt.   Month:           6  Year:        2007  Mlevel=   40.0000000      SDlevel=   100.000000      Days:         840
 Failed SN SD test.
 Parm:Temp. Dew Pt.   Month:           6  Year:        2007  Mlevel=   30.0000000      SDlevel=   100.000000      Days:         840
 Failed SN SD test.
 Parm:Temp. Dew Pt.   Month:           6  Year:        2007  Mlevel=   20.0000000      SDlevel=   100.000000      Days:         840
 Failed SN SD test.
 Parm:Temp. Dew Pt.   Month:           6  Year:        2007  Mlevel=   20.0000000      SDlevel=   100.000000      Days:         840
 Failed SN SD test.
 Parm:Temp. Dew Pt.   Month:           6  Year:        2007  Mlevel=   20.0000000      SDlevel=   100.000000      Days:         840
*** ERROR *** Could not produce desired level of quality in
                    << Temp. Dew Pt.   >> random deviates.
 Tdew -10 rangecheck executed.
 Tdew -10 rangecheck executed.
 Tdew -10 rangecheck executed.
 Failed SN SD test.
 Parm:Temp. Dew Pt.   Month:           6  Year:        2008  Mlevel=   30.0000000      SDlevel=   100.000000      Days:         870
 Failed SN SD test.
 Parm:Temp. Dew Pt.   Month:           6  Year:        2008  Mlevel=   40.0000000      SDlevel=   100.000000      Days:         870
 Failed SN SD test.
 Parm:Temp. Dew Pt.   Month:           6  Year:        2008  Mlevel=   50.0000000      SDlevel=   100.000000      Days:         870
 Failed SN SD test.
 Parm:Temp. Dew Pt.   Month:           6  Year:        2008  Mlevel=   40.0000000      SDlevel=   100.000000      Days:         870
 Failed SN SD test.
 Parm:Temp. Dew Pt.   Month:           6  Year:        2008  Mlevel=   30.0000000      SDlevel=   100.000000      Days:         870
*** ERROR *** Could not produce desired level of quality in
                    << Temp. Dew Pt.   >> random deviates.
 Tdew -10 rangecheck executed.
 Tdew -10 rangecheck executed.
 Tdew -10 rangecheck executed.
 Tdew -10 rangecheck executed.
 Tdew -10 rangecheck executed.
 Failed SN SD test.
 Parm:Temp. Dew Pt.   Month:           6  Year:        2009  Mlevel=   30.0000000      SDlevel=   100.000000      Days:         900
 Failed SN SD test.
 Parm:Temp. Dew Pt.   Month:           6  Year:        2009  Mlevel=   30.0000000      SDlevel=   100.000000      Days:         900
 Failed SN SD test.
 Parm:Temp. Dew Pt.   Month:           6  Year:        2009  Mlevel=   50.0000000      SDlevel=   100.000000      Days:         900
 Failed SN SD test.
 Parm:Temp. Dew Pt.   Month:           6  Year:        2009  Mlevel=   50.0000000      SDlevel=   100.000000      Days:         900
 Failed SN SD test.
 Parm:Temp. Dew Pt.   Month:           6  Year:        2009  Mlevel=   40.0000000      SDlevel=   100.000000      Days:         900
*** ERROR *** Could not produce desired level of quality in
                    << Temp. Dew Pt.   >> random deviates.
 Tdew -10 rangecheck executed.
 Tdew -10 rangecheck executed.
 Tdew -10 rangecheck executed.
 Failed SN SD test.
 Parm:Temp. Dew Pt.   Month:           6  Year:        2010  Mlevel=   40.0000000      SDlevel=   100.000000      Days:         930
 Failed SN SD test.
 Parm:Temp. Dew Pt.   Month:           6  Year:        2010  Mlevel=   40.0000000      SDlevel=   100.000000      Days:         930
 Failed SN SD test.
 Parm:Temp. Dew Pt.   Month:           6  Year:        2010  Mlevel=   30.0000000      SDlevel=   100.000000      Days:         930
 Failed SN SD test.
 Parm:Temp. Dew Pt.   Month:           6  Year:        2010  Mlevel=   30.0000000      SDlevel=   100.000000      Days:         930
 Failed SN SD test.
 Parm:Temp. Dew Pt.   Month:           6  Year:        2010  Mlevel=   40.0000000      SDlevel=   100.000000      Days:         930
*** ERROR *** Could not produce desired level of quality in
                    << Temp. Dew Pt.   >> random deviates.
 Tdew -10 rangecheck executed.
 Tdew -10 rangecheck executed.
 Failed SN SD test.
 Parm:Temp. Dew Pt.   Month:           6  Year:        2011  Mlevel=   30.0000000      SDlevel=   100.000000      Days:         960
 Failed SN SD test.
 Parm:Temp. Dew Pt.   Month:           6  Year:        2011  Mlevel=   40.0000000      SDlevel=   100.000000      Days:         960
 Failed SN SD test.
 Parm:Temp. Dew Pt.   Month:           6  Year:        2011  Mlevel=   30.0000000      SDlevel=   100.000000      Days:         960
 Failed SN SD test.
 Parm:Temp. Dew Pt.   Month:           6  Year:        2011  Mlevel=   10.0000000      SDlevel=   100.000000      Days:         960
 Failed SN SD test.
 Parm:Temp. Dew Pt.   Month:           6  Year:        2011  Mlevel=   40.0000000      SDlevel=   100.000000      Days:         960
*** ERROR *** Could not produce desired level of quality in
                    << Temp. Dew Pt.   >> random deviates.
 Failed SN SD test.
 Parm:Temp. Dew Pt.   Month:           6  Year:        2012  Mlevel=   30.0000000      SDlevel=   100.000000      Days:         990
 Failed SN SD test.
 Parm:Temp. Dew Pt.   Month:           6  Year:        2012  Mlevel=   50.0000000      SDlevel=   100.000000      Days:         990
 Failed SN SD test.
 Parm:Temp. Dew Pt.   Month:           6  Year:        2012  Mlevel=   30.0000000      SDlevel=   100.000000      Days:         990
 Failed SN SD test.
 Parm:Temp. Dew Pt.   Month:           6  Year:        2012  Mlevel=   40.0000000      SDlevel=   100.000000      Days:         990
 Failed SN SD test.
 Parm:Temp. Dew Pt.   Month:           6  Year:        2012  Mlevel=   20.0000000      SDlevel=   100.000000      Days:         990
*** ERROR *** Could not produce desired level of quality in
                    << Temp. Dew Pt.   >> random deviates.
 Failed SN SD test.
 Parm:Temp. Dew Pt.   Month:           6  Year:        2013  Mlevel=   40.0000000      SDlevel=   100.000000      Days:        1020
 Failed SN SD test.
 Parm:Temp. Dew Pt.   Month:           6  Year:        2013  Mlevel=   10.0000000      SDlevel=   100.000000      Days:        1020
 Failed SN SD test.
 Parm:Temp. Dew Pt.   Month:           6  Year:        2013  Mlevel=   5.00000000      SDlevel=   100.000000      Days:        1020
 Failed SN SD test.
 Parm:Temp. Dew Pt.   Month:           6  Year:        2013  Mlevel=   30.0000000      SDlevel=   100.000000      Days:        1020
 Failed SN SD test.
 Parm:Temp. Dew Pt.   Month:           6  Year:        2013  Mlevel=   30.0000000      SDlevel=   100.000000      Days:        1020
*** ERROR *** Could not produce desired level of quality in
                    << Temp. Dew Pt.   >> random deviates.
 Tdew -10 rangecheck executed.
 Tdew -10 rangecheck executed.
 Tdew -10 rangecheck executed.
 Tdew -10 rangecheck executed.
 Tdew -10 rangecheck executed.
 Tdew -10 rangecheck executed.
 Tdew -10 rangecheck executed.
 Tdew -10 rangecheck executed.
 Tdew -10 rangecheck executed.
 Tdew -10 rangecheck executed.
 Tdew -10 rangecheck executed.
 Failed SN SD test.
 Parm:Temp. Dew Pt.   Month:           6  Year:        2014  Mlevel=   50.0000000      SDlevel=   100.000000      Days:        1050
 Failed SN SD test.
 Parm:Temp. Dew Pt.   Month:           6  Year:        2014  Mlevel=   40.0000000      SDlevel=   100.000000      Days:        1050
 Failed SN SD test.
 Parm:Temp. Dew Pt.   Month:           6  Year:        2014  Mlevel=   20.0000000      SDlevel=   100.000000      Days:        1050
 Failed SN SD test.
 Parm:Temp. Dew Pt.   Month:           6  Year:        2014  Mlevel=   30.0000000      SDlevel=   100.000000      Days:        1050
 Failed SN SD test.
 Parm:Temp. Dew Pt.   Month:           6  Year:        2014  Mlevel=   20.0000000      SDlevel=   100.000000      Days:        1050
*** ERROR *** Could not produce desired level of quality in
                    << Temp. Dew Pt.   >> random deviates.
 Tdew -10 rangecheck executed.
 Tdew -10 rangecheck executed.
 Failed SN SD test.
 Parm:Temp. Dew Pt.   Month:           6  Year:        2015  Mlevel=   20.0000000      SDlevel=   100.000000      Days:        1080
 Failed SN SD test.
 Parm:Temp. Dew Pt.   Month:           6  Year:        2015  Mlevel=   10.0000000      SDlevel=   100.000000      Days:        1080
 Failed SN SD test.
 Parm:Temp. Dew Pt.   Month:           6  Year:        2015  Mlevel=   30.0000000      SDlevel=   100.000000      Days:        1080
 Failed SN SD test.
 Parm:Temp. Dew Pt.   Month:           6  Year:        2015  Mlevel=   10.0000000      SDlevel=   100.000000      Days:        1080
 Failed SN SD test.
 Parm:Temp. Dew Pt.   Month:           6  Year:        2015  Mlevel=   40.0000000      SDlevel=   100.000000      Days:        1080
*** ERROR *** Could not produce desired level of quality in
                    << Temp. Dew Pt.   >> random deviates.
 Tdew -10 rangecheck executed.
 Tdew -10 rangecheck executed.
 Failed SN Mean test.
 Failed SN SD test.
 Parm:Temp. Dew Pt.   Month:           6  Year:        2016  Mlevel=   60.0000000      SDlevel=   100.000000      Days:        1110
 Failed SN SD test.
 Parm:Temp. Dew Pt.   Month:           6  Year:        2016  Mlevel=   50.0000000      SDlevel=   100.000000      Days:        1110
 Failed SN SD test.
 Parm:Temp. Dew Pt.   Month:           6  Year:        2016  Mlevel=   30.0000000      SDlevel=   100.000000      Days:        1110
 Failed SN SD test.
 Parm:Temp. Dew Pt.   Month:           6  Year:        2016  Mlevel=   20.0000000      SDlevel=   100.000000      Days:        1110
 Failed SN SD test.
 Parm:Temp. Dew Pt.   Month:           6  Year:        2016  Mlevel=   40.0000000      SDlevel=   100.000000      Days:        1110
*** ERROR *** Could not produce desired level of quality in
                    << Temp. Dew Pt.   >> random deviates.
 Failed SN SD test.
 Parm:Temp. Dew Pt.   Month:           6  Year:        2017  Mlevel=   40.0000000      SDlevel=   100.000000      Days:        1140
 Failed SN SD test.
 Parm:Temp. Dew Pt.   Month:           6  Year:        2017  Mlevel=   50.0000000      SDlevel=   100.000000      Days:        1140
 Failed SN SD test.
 Parm:Temp. Dew Pt.   Month:           6  Year:        2017  Mlevel=   50.0000000      SDlevel=   100.000000      Days:        1140
At line 3013 of file cligen53.f (unit = 9, file = '0500000US19083.prn')
Fortran runtime error: Sequential READ or WRITE not allowed after EOF marker, possibly use REWIND or BACKSPACE
 Failed SN SD test.
 Parm:Temp. Dew Pt.   Month:           6  Year:        2017  Mlevel=   30.0000000      SDlevel=   100.000000      Days:        1140
 Failed SN SD test.
 Parm:Temp. Dew Pt.   Month:           6  Year:        2017  Mlevel=   40.0000000      SDlevel=   100.000000      Days:        1140
*** ERROR *** Could not produce desired level of quality in
                    << Temp. Dew Pt.   >> random deviates.
 Tdew -10 rangecheck executed.
